!SESSION 2019-03-27 22:41:30.312 -----------------------------------------------
eclipse.buildId=unknown
java.fullversion=8.0.5.0 - pwa6480sr5-20170905_01(SR5)
JRE 1.8.0 IBM J9 2.9 Windows 10 amd64-64 Compressed References 20170901_363591 (JIT enabled, AOT enabled)
J9VM - d56eb84
JIT  - tr.open_20170901_140853_d56eb84
OMR  - b033a01
BootLoader constants: OS=win32, ARCH=x86_64, WS=win32, NL=zh_CN
Command-line arguments:  -clean -nl zh_CN -configuration D:\projects\mpro\rodd\.metadata\workspace_oplrun

!ENTRY ilog.odms.ide.opllang.remote 1 0 2019-03-27 22:41:30.312
!MESSAGE Run configure1 in D:/projects/mpro/rodd/TP7
!SESSION 2019-03-29 00:04:25.452 -----------------------------------------------
eclipse.buildId=unknown
java.fullversion=8.0.5.0 - pwa6480sr5-20170905_01(SR5)
JRE 1.8.0 IBM J9 2.9 Windows 10 amd64-64 Compressed References 20170901_363591 (JIT enabled, AOT enabled)
J9VM - d56eb84
JIT  - tr.open_20170901_140853_d56eb84
OMR  - b033a01
BootLoader constants: OS=win32, ARCH=x86_64, WS=win32, NL=zh_CN
Command-line arguments:  -clean -nl zh_CN -configuration D:\projects\mpro\rodd\.metadata\workspace_oplrun

!ENTRY ilog.odms.ide.opllang.remote 1 0 2019-03-29 00:04:25.452
!MESSAGE Run configure1 in D:/projects/mpro/rodd/TP7

!ENTRY ilog.odms.ide.opllang.remote 4 0 2019-03-29 00:04:25.546
!MESSAGE load failed
!STACK 1
org.eclipse.core.runtime.CoreException: load failed
	at ilog.odms.ide.opllang.remote.IloOplRunConfigRunner.doSetUpModel(IloOplRunConfigRunner.java:146)
	at ilog.odms.ide.opllang.remote.IloOplRunConfigRunner.doRun(IloOplRunConfigRunner.java:374)
	at ilog.odms.ide.opllang.run.IloAbstractRunShell$2.run(IloAbstractRunShell.java:1587)
	at org.eclipse.core.internal.jobs.Worker.run(Worker.java:54)
Caused by: ilog.concert.IloException: ÕҲ»µ½Îļþ¡°D:/projects/mpro/rodd/TP7¡±¡£
	at ilog.opl.opl_lang_wrapJNI.IloOplRunConfiguration_getCppOplModel(Native Method)
	at ilog.opl.IloOplRunConfiguration.getCppOplModel(IloOplRunConfiguration.java:226)
	at ilog.opl.IloOplRunConfiguration.getOplModel(IloOplRunConfiguration.java:116)
	at ilog.odms.ide.opllang.remote.IloOplRunConfigRunner.doSetUpModel(IloOplRunConfigRunner.java:140)
	... 3 more
!SUBENTRY 1 ilog.odms.ide.opllang.remote 4 0 2019-03-29 00:04:25.546
!MESSAGE load failed
!STACK 0
ilog.concert.IloException: ÕҲ»µ½Îļþ¡°D:/projects/mpro/rodd/TP7¡±¡£
	at ilog.opl.opl_lang_wrapJNI.IloOplRunConfiguration_getCppOplModel(Native Method)
	at ilog.opl.IloOplRunConfiguration.getCppOplModel(IloOplRunConfiguration.java:226)
	at ilog.opl.IloOplRunConfiguration.getOplModel(IloOplRunConfiguration.java:116)
	at ilog.odms.ide.opllang.remote.IloOplRunConfigRunner.doSetUpModel(IloOplRunConfigRunner.java:140)
	at ilog.odms.ide.opllang.remote.IloOplRunConfigRunner.doRun(IloOplRunConfigRunner.java:374)
	at ilog.odms.ide.opllang.run.IloAbstractRunShell$2.run(IloAbstractRunShell.java:1587)
	at org.eclipse.core.internal.jobs.Worker.run(Worker.java:54)
!SESSION 2019-03-29 00:06:34.434 -----------------------------------------------
eclipse.buildId=unknown
java.fullversion=8.0.5.0 - pwa6480sr5-20170905_01(SR5)
JRE 1.8.0 IBM J9 2.9 Windows 10 amd64-64 Compressed References 20170901_363591 (JIT enabled, AOT enabled)
J9VM - d56eb84
JIT  - tr.open_20170901_140853_d56eb84
OMR  - b033a01
BootLoader constants: OS=win32, ARCH=x86_64, WS=win32, NL=zh_CN
Command-line arguments:  -clean -nl zh_CN -configuration D:\projects\mpro\rodd\.metadata\workspace_oplrun

!ENTRY ilog.odms.ide.opllang.remote 1 0 2019-03-29 00:06:34.434
!MESSAGE Run configure1 in D:/projects/mpro/rodd/TP7
